[35m[1mScanning dependencies of target client[0m
[ 25%] [32mBuilding CXX object CMakeFiles/client.dir/src/client.cpp.o[0m
[ 75%] Built target demo
[01m[K/home/robot/nav2_ws/src/sdk2_user_cmake_example/src/client.cpp:12:7:[m[K [01;31m[Kerror: [m[Kâ€˜[01m[Kdds_typecode_t[m[Kâ€™ does not name a type; did you mean â€˜[01m[Kdds_typeobj_t[m[Kâ€™?
   12 | const [01;31m[Kdds_typecode_t[m[K* std_msg_string_typecode() {
      |       [01;31m[K^~~~~~~~~~~~~~[m[K
      |       [32m[Kdds_typeobj_t[m[K
[01m[K/home/robot/nav2_ws/src/sdk2_user_cmake_example/src/client.cpp:[m[K In function â€˜[01m[Kint main(int, char**)[m[Kâ€™:
[01m[K/home/robot/nav2_ws/src/sdk2_user_cmake_example/src/client.cpp:35:56:[m[K [01;31m[Kerror: [m[Kâ€˜[01m[Kstd_msg_string_typecode[m[Kâ€™ was not declared in this scope; did you mean â€˜[01m[Kdds_stream_typecode[m[Kâ€™?
   35 |     dds_entity_t topic = dds_create_topic(participant, [01;31m[Kstd_msg_string_typecode[m[K(), "/sport_cmd", NULL, NULL);
      |                                                        [01;31m[K^~~~~~~~~~~~~~~~~~~~~~~[m[K
      |                                                        [32m[Kdds_stream_typecode[m[K
make[2]: *** [CMakeFiles/client.dir/build.make:63ï¼šCMakeFiles/client.dir/src/client.cpp.o] é”™è¯¯ 1
make[1]: *** [CMakeFiles/Makefile2:78ï¼šCMakeFiles/client.dir/all] é”™è¯¯ 2
make: *** [Makefile:84ï¼šall] é”™è¯¯ 2
