[0.009s] Invoking command in '/home/robot/nav2_ws/build/sdk2_user': CMAKE_PREFIX_PATH=/home/robot/nav2_ws/install/unitree_sdk2 LD_LIBRARY_PATH=/home/robot/nav2_ws/install/unitree_sdk2/lib:/usr/lib/x86_64-linux-gnu/gazebo-11/plugins:/opt/ros/foxy/opt/yaml_cpp_vendor/lib:/opt/ros/foxy/opt/rviz_ogre_vendor/lib:/opt/ros/foxy/lib/x86_64-linux-gnu:/opt/ros/foxy/lib:/usr/local/cuda-11.6/lib64:/usr/local/cuda-11.6/lib64 /usr/bin/cmake --build /home/robot/nav2_ws/build/sdk2_user -- -j32 -l32
[0.025s] [35m[1mScanning dependencies of target client[0m
[0.030s] [ 25%] [32mBuilding CXX object CMakeFiles/client.dir/src/client.cpp.o[0m
[0.032s] [ 75%] Built target demo
[0.113s] [01m[K/home/robot/nav2_ws/src/sdk2_user_cmake_example/src/client.cpp:12:7:[m[K [01;31m[Kerror: [m[Kâ€˜[01m[Kdds_typecode_t[m[Kâ€™ does not name a type; did you mean â€˜[01m[Kdds_typeobj_t[m[Kâ€™?
[0.113s]    12 | const [01;31m[Kdds_typecode_t[m[K* std_msg_string_typecode() {
[0.113s]       |       [01;31m[K^~~~~~~~~~~~~~[m[K
[0.113s]       |       [32m[Kdds_typeobj_t[m[K
[0.114s] [01m[K/home/robot/nav2_ws/src/sdk2_user_cmake_example/src/client.cpp:[m[K In function â€˜[01m[Kint main(int, char**)[m[Kâ€™:
[0.114s] [01m[K/home/robot/nav2_ws/src/sdk2_user_cmake_example/src/client.cpp:35:56:[m[K [01;31m[Kerror: [m[Kâ€˜[01m[Kstd_msg_string_typecode[m[Kâ€™ was not declared in this scope; did you mean â€˜[01m[Kdds_stream_typecode[m[Kâ€™?
[0.114s]    35 |     dds_entity_t topic = dds_create_topic(participant, [01;31m[Kstd_msg_string_typecode[m[K(), "/sport_cmd", NULL, NULL);
[0.114s]       |                                                        [01;31m[K^~~~~~~~~~~~~~~~~~~~~~~[m[K
[0.114s]       |                                                        [32m[Kdds_stream_typecode[m[K
[0.126s] make[2]: *** [CMakeFiles/client.dir/build.make:63ï¼šCMakeFiles/client.dir/src/client.cpp.o] é”™è¯¯ 1
[0.126s] make[1]: *** [CMakeFiles/Makefile2:78ï¼šCMakeFiles/client.dir/all] é”™è¯¯ 2
[0.126s] make: *** [Makefile:84ï¼šall] é”™è¯¯ 2
[0.127s] Invoked command in '/home/robot/nav2_ws/build/sdk2_user' returned '2': CMAKE_PREFIX_PATH=/home/robot/nav2_ws/install/unitree_sdk2 LD_LIBRARY_PATH=/home/robot/nav2_ws/install/unitree_sdk2/lib:/usr/lib/x86_64-linux-gnu/gazebo-11/plugins:/opt/ros/foxy/opt/yaml_cpp_vendor/lib:/opt/ros/foxy/opt/rviz_ogre_vendor/lib:/opt/ros/foxy/lib/x86_64-linux-gnu:/opt/ros/foxy/lib:/usr/local/cuda-11.6/lib64:/usr/local/cuda-11.6/lib64 /usr/bin/cmake --build /home/robot/nav2_ws/build/sdk2_user -- -j32 -l32
