[01m[K/home/robot/nav2_ws/src/h1_sport/src/demo.cpp:[m[K In function â€˜[01m[Kint main(int, char**)[m[Kâ€™:
[01m[K/home/robot/nav2_ws/src/h1_sport/src/demo.cpp:42:5:[m[K [01;31m[Kerror: [m[Kâ€˜[01m[Ksub_node[m[Kâ€™ was not declared in this scope
   42 |     [01;31m[Ksub_node[m[K->InitChannel(std::bind(MessageHandlerNode, std::placeholders::_1), 10);
      |     [01;31m[K^~~~~~~~[m[K
make[2]: *** [CMakeFiles/demo.dir/build.make:63ï¼šCMakeFiles/demo.dir/src/demo.cpp.o] é”™è¯¯ 1
make[1]: *** [CMakeFiles/Makefile2:78ï¼šCMakeFiles/demo.dir/all] é”™è¯¯ 2
make: *** [Makefile:141ï¼šall] é”™è¯¯ 2
