[0.004s] Invoking command in '/home/robot/nav2_ws/build/sdk2_user': CMAKE_PREFIX_PATH=/home/robot/nav2_ws/install/unitree_sdk2 LD_LIBRARY_PATH=/home/robot/nav2_ws/install/unitree_sdk2/lib:/usr/lib/x86_64-linux-gnu/gazebo-11/plugins:/opt/ros/foxy/opt/yaml_cpp_vendor/lib:/opt/ros/foxy/opt/rviz_ogre_vendor/lib:/opt/ros/foxy/lib/x86_64-linux-gnu:/opt/ros/foxy/lib:/usr/local/cuda-11.6/lib64:/usr/local/cuda-11.6/lib64 /usr/bin/cmake --build /home/robot/nav2_ws/build/sdk2_user -- -j32 -l32
[0.018s] [35m[1mScanning dependencies of target client[0m
[0.023s] [ 25%] [32mBuilding CXX object CMakeFiles/client.dir/src/client.cpp.o[0m
[0.025s] [ 75%] Built target demo
[0.103s] [01m[K/home/robot/nav2_ws/src/sdk2_user_cmake_example/src/client.cpp:[m[K In function â€˜[01m[Kint main(int, char**)[m[Kâ€™:
[0.103s] [01m[K/home/robot/nav2_ws/src/sdk2_user_cmake_example/src/client.cpp:21:71:[m[K [01;31m[Kerror: [m[Kexpected primary-expression before â€˜[01m[K,[m[Kâ€™ token
[0.103s]    21 |     dds_entity_t topic = dds_create_topic(participant, &std_msg_string[01;31m[K,[m[K "/sport_cmd", NULL, NULL);
[0.103s]       |                                                                       [01;31m[K^[m[K
[0.114s] make[2]: *** [CMakeFiles/client.dir/build.make:63ï¼šCMakeFiles/client.dir/src/client.cpp.o] é”™è¯¯ 1
[0.114s] make[1]: *** [CMakeFiles/Makefile2:78ï¼šCMakeFiles/client.dir/all] é”™è¯¯ 2
[0.115s] make: *** [Makefile:84ï¼šall] é”™è¯¯ 2
[0.116s] Invoked command in '/home/robot/nav2_ws/build/sdk2_user' returned '2': CMAKE_PREFIX_PATH=/home/robot/nav2_ws/install/unitree_sdk2 LD_LIBRARY_PATH=/home/robot/nav2_ws/install/unitree_sdk2/lib:/usr/lib/x86_64-linux-gnu/gazebo-11/plugins:/opt/ros/foxy/opt/yaml_cpp_vendor/lib:/opt/ros/foxy/opt/rviz_ogre_vendor/lib:/opt/ros/foxy/lib/x86_64-linux-gnu:/opt/ros/foxy/lib:/usr/local/cuda-11.6/lib64:/usr/local/cuda-11.6/lib64 /usr/bin/cmake --build /home/robot/nav2_ws/build/sdk2_user -- -j32 -l32
