[01m[K/home/robot/nav2_ws/src/h1_sport/src/demo.cpp:[m[K In constructor â€˜[01m[KSportCmdPublisher::SportCmdPublisher()[m[Kâ€™:
[01m[K/home/robot/nav2_ws/src/h1_sport/src/demo.cpp:17:63:[m[K [01;31m[Kerror: [m[Kno matching function for call to â€˜[01m[KSportCmdPublisher::create_publisher(const char [11], int)[m[Kâ€™
   17 |         publisher_ = this->create_publisher<>("/sport_cmd", 10[01;31m[K)[m[K;
      |                                                               [01;31m[K^[m[K
In file included from [01m[K/opt/ros/foxy/include/rclcpp/executors/single_threaded_executor.hpp:28[m[K,
                 from [01m[K/opt/ros/foxy/include/rclcpp/executors.hpp:22[m[K,
                 from [01m[K/opt/ros/foxy/include/rclcpp/rclcpp.hpp:146[m[K,
                 from [01m[K/home/robot/nav2_ws/src/h1_sport/src/demo.cpp:1[m[K:
[01m[K/opt/ros/foxy/include/rclcpp/node.hpp:184:3:[m[K [01;36m[Knote: [m[Kcandidate: â€˜[01m[Ktemplate<class MessageT, class AllocatorT, class PublisherT> std::shared_ptr<PublisherT> rclcpp::Node::create_publisher(const string&, const rclcpp::QoS&, const rclcpp::PublisherOptionsWithAllocator<AllocatorT>&)[m[Kâ€™
  184 |   [01;36m[Kcreate_publisher[m[K(
      |   [01;36m[K^~~~~~~~~~~~~~~~[m[K
[01m[K/opt/ros/foxy/include/rclcpp/node.hpp:184:3:[m[K [01;36m[Knote: [m[K  template argument deduction/substitution failed:
[01m[K/home/robot/nav2_ws/src/h1_sport/src/demo.cpp:17:63:[m[K [01;36m[Knote: [m[K  couldnâ€™t deduce template parameter â€˜[01m[KMessageT[m[Kâ€™
   17 |         publisher_ = this->create_publisher<>("/sport_cmd", 10[01;36m[K)[m[K;
      |                                                               [01;36m[K^[m[K
make[2]: *** [CMakeFiles/demo.dir/build.make:63ï¼šCMakeFiles/demo.dir/src/demo.cpp.o] é”™è¯¯ 1
make[1]: *** [CMakeFiles/Makefile2:78ï¼šCMakeFiles/demo.dir/all] é”™è¯¯ 2
make: *** [Makefile:141ï¼šall] é”™è¯¯ 2
