[0.006s] Invoking command in '/home/robot/nav2_ws/build/h1_sport': CMAKE_PREFIX_PATH=${CMAKE_PREFIX_PATH}:/home/robot/nav2_ws/install/examples_rclpy_minimal_subscriber:/home/robot/nav2_ws/install/examples_rclpy_minimal_service:/home/robot/nav2_ws/install/examples_rclpy_minimal_publisher:/home/robot/nav2_ws/install/examples_rclpy_minimal_client:/home/robot/nav2_ws/install/examples_rclpy_minimal_action_server:/home/robot/nav2_ws/install/examples_rclpy_minimal_action_client:/home/robot/nav2_ws/install/examples_rclpy_executors:/opt/ros/foxy /usr/bin/cmake --build /home/robot/nav2_ws/build/h1_sport -- -j32 -l32
[0.024s] [35m[1mScanning dependencies of target demo[0m
[0.037s] [ 50%] [32mBuilding CXX object CMakeFiles/demo.dir/src/demo.cpp.o[0m
[0.527s] In file included from [01m[K/opt/ros/foxy/include/rclcpp/client.hpp:40[m[K,
[0.527s]                  from [01m[K/opt/ros/foxy/include/rclcpp/callback_group.hpp:23[m[K,
[0.527s]                  from [01m[K/opt/ros/foxy/include/rclcpp/any_executable.hpp:20[m[K,
[0.527s]                  from [01m[K/opt/ros/foxy/include/rclcpp/memory_strategy.hpp:24[m[K,
[0.527s]                  from [01m[K/opt/ros/foxy/include/rclcpp/memory_strategies.hpp:18[m[K,
[0.527s]                  from [01m[K/opt/ros/foxy/include/rclcpp/executor_options.hpp:20[m[K,
[0.527s]                  from [01m[K/opt/ros/foxy/include/rclcpp/executor.hpp:33[m[K,
[0.527s]                  from [01m[K/opt/ros/foxy/include/rclcpp/executors/multi_threaded_executor.hpp:26[m[K,
[0.527s]                  from [01m[K/opt/ros/foxy/include/rclcpp/executors.hpp:21[m[K,
[0.527s]                  from [01m[K/opt/ros/foxy/include/rclcpp/rclcpp.hpp:146[m[K,
[0.527s]                  from [01m[K/home/robot/nav2_ws/src/h1_sport/src/demo.cpp:1[m[K:
[0.527s] [01m[K/home/robot/nav2_ws/src/h1_sport/src/demo.cpp:[m[K In member function â€˜[01m[Kvoid SportCmdPublisher::timer_callback()[m[Kâ€™:
[0.527s] [01m[K/home/robot/nav2_ws/src/h1_sport/src/demo.cpp:26:54:[m[K [01;31m[Kerror: [m[Kno match for call to â€˜[01m[K(std_msgs::msg::String_<std::allocator<void> >::_data_type {aka std::__cxx11::basic_string<char>}) ()[m[Kâ€™
[0.527s]    26 |         RCLCPP_INFO(this->get_logger(), message.data([01;31m[K)[m[K);
[0.527s]       |                                                      [01;31m[K^[m[K
[0.859s] make[2]: *** [CMakeFiles/demo.dir/build.make:63ï¼šCMakeFiles/demo.dir/src/demo.cpp.o] é”™è¯¯ 1
[0.859s] make[1]: *** [CMakeFiles/Makefile2:78ï¼šCMakeFiles/demo.dir/all] é”™è¯¯ 2
[0.860s] make: *** [Makefile:141ï¼šall] é”™è¯¯ 2
[0.861s] Invoked command in '/home/robot/nav2_ws/build/h1_sport' returned '2': CMAKE_PREFIX_PATH=${CMAKE_PREFIX_PATH}:/home/robot/nav2_ws/install/examples_rclpy_minimal_subscriber:/home/robot/nav2_ws/install/examples_rclpy_minimal_service:/home/robot/nav2_ws/install/examples_rclpy_minimal_publisher:/home/robot/nav2_ws/install/examples_rclpy_minimal_client:/home/robot/nav2_ws/install/examples_rclpy_minimal_action_server:/home/robot/nav2_ws/install/examples_rclpy_minimal_action_client:/home/robot/nav2_ws/install/examples_rclpy_executors:/opt/ros/foxy /usr/bin/cmake --build /home/robot/nav2_ws/build/h1_sport -- -j32 -l32
