-- Configuring done
-- Generating done
-- Build files have been written to: /home/robot/nav2_ws/build/sdk2_user
[35m[1mScanning dependencies of target client[0m
[ 25%] [32mBuilding CXX object CMakeFiles/client.dir/src/client.cpp.o[0m
[ 75%] Built target demo
[01m[K/home/robot/nav2_ws/src/sdk2_user_cmake_example/src/client.cpp:3:10:[m[K [01;31m[Kfatal error: [m[Kgeometry_msgs/msg/twist.h: æ²¡æœ‰é‚£ä¸ªæ–‡ä»¶æˆ–ç›®å½•
    3 | #include [01;31m[K"geometry_msgs/msg/twist.h"[m[K  // å¦‚æœæ²¡æœ‰è¯¥å¤´æ–‡ä»¶ï¼Œéœ€è¦æ ¹æ® CycloneDDS çš„ç±»å‹å®šä¹‰åˆ›å»ºè‡ªå®šä¹‰æ¶ˆæ¯
      |          [01;31m[K^~~~~~~~~~~~~~~~~~~~~~~~~~~[m[K
compilation terminated.
make[2]: *** [CMakeFiles/client.dir/build.make:63ï¼šCMakeFiles/client.dir/src/client.cpp.o] é”™è¯¯ 1
make[1]: *** [CMakeFiles/Makefile2:78ï¼šCMakeFiles/client.dir/all] é”™è¯¯ 2
make: *** [Makefile:84ï¼šall] é”™è¯¯ 2
