[0.006s] Invoking command in '/home/robot/nav2_ws/build/sdk2_user': CMAKE_PREFIX_PATH=/home/robot/nav2_ws/install/unitree_sdk2 LD_LIBRARY_PATH=/home/robot/nav2_ws/install/unitree_sdk2/lib:/usr/lib/x86_64-linux-gnu/gazebo-11/plugins:/opt/ros/foxy/opt/yaml_cpp_vendor/lib:/opt/ros/foxy/opt/rviz_ogre_vendor/lib:/opt/ros/foxy/lib/x86_64-linux-gnu:/opt/ros/foxy/lib:/usr/local/cuda-11.6/lib64:/usr/local/cuda-11.6/lib64 /usr/bin/cmake --build /home/robot/nav2_ws/build/sdk2_user -- -j32 -l32
[0.017s] -- Configuring done
[0.018s] -- Generating done
[0.018s] -- Build files have been written to: /home/robot/nav2_ws/build/sdk2_user
[0.027s] [35m[1mScanning dependencies of target client[0m
[0.032s] [ 25%] [32mBuilding CXX object CMakeFiles/client.dir/src/client.cpp.o[0m
[0.035s] [ 75%] Built target demo
[0.049s] [01m[K/home/robot/nav2_ws/src/sdk2_user_cmake_example/src/client.cpp:3:10:[m[K [01;31m[Kfatal error: [m[Kgeometry_msgs/msg/twist.h: æ²¡æœ‰é‚£ä¸ªæ–‡ä»¶æˆ–ç›®å½•
[0.049s]     3 | #include [01;31m[K"geometry_msgs/msg/twist.h"[m[K  // å¦‚æœæ²¡æœ‰è¯¥å¤´æ–‡ä»¶ï¼Œéœ€è¦æ ¹æ® CycloneDDS çš„ç±»å‹å®šä¹‰åˆ›å»ºè‡ªå®šä¹‰æ¶ˆæ¯
[0.049s]       |          [01;31m[K^~~~~~~~~~~~~~~~~~~~~~~~~~~[m[K
[0.049s] compilation terminated.
[0.049s] make[2]: *** [CMakeFiles/client.dir/build.make:63ï¼šCMakeFiles/client.dir/src/client.cpp.o] é”™è¯¯ 1
[0.049s] make[1]: *** [CMakeFiles/Makefile2:78ï¼šCMakeFiles/client.dir/all] é”™è¯¯ 2
[0.050s] make: *** [Makefile:84ï¼šall] é”™è¯¯ 2
[0.050s] Invoked command in '/home/robot/nav2_ws/build/sdk2_user' returned '2': CMAKE_PREFIX_PATH=/home/robot/nav2_ws/install/unitree_sdk2 LD_LIBRARY_PATH=/home/robot/nav2_ws/install/unitree_sdk2/lib:/usr/lib/x86_64-linux-gnu/gazebo-11/plugins:/opt/ros/foxy/opt/yaml_cpp_vendor/lib:/opt/ros/foxy/opt/rviz_ogre_vendor/lib:/opt/ros/foxy/lib/x86_64-linux-gnu:/opt/ros/foxy/lib:/usr/local/cuda-11.6/lib64:/usr/local/cuda-11.6/lib64 /usr/bin/cmake --build /home/robot/nav2_ws/build/sdk2_user -- -j32 -l32
