[35m[1mScanning dependencies of target wang3_node[0m
[ 50%] Built target wang2_node
[ 75%] [32mBuilding CXX object CMakeFiles/wang3_node.dir/src/wang3.cpp.o[0m
[01m[K/home/robot/nav2_ws/src/village_wang/src/wang3.cpp:10:2:[m[K [01;31m[Kerror: [m[Kexpected â€˜[01m[K;[m[Kâ€™ after class definition
   10 | }
      |  [01;31m[K^[m[K
      |  [32m[K;[m[K
make[2]: *** [CMakeFiles/wang3_node.dir/build.make:63ï¼šCMakeFiles/wang3_node.dir/src/wang3.cpp.o] é”™è¯¯ 1
make[1]: *** [CMakeFiles/Makefile2:80ï¼šCMakeFiles/wang3_node.dir/all] é”™è¯¯ 2
make: *** [Makefile:141ï¼šall] é”™è¯¯ 2
