[0.005s] Invoking command in '/home/robot/nav2_ws/build/h1_sport': CMAKE_PREFIX_PATH=/opt/ros/foxy /usr/bin/cmake --build /home/robot/nav2_ws/build/h1_sport -- -j32 -l32
[0.017s] -- Found ament_cmake: 0.9.12 (/opt/ros/foxy/share/ament_cmake/cmake)
[0.029s] -- Using PYTHON_EXECUTABLE: /usr/bin/python3
[0.114s] -- Found ament_lint_auto: 0.9.8 (/opt/ros/foxy/share/ament_lint_auto/cmake)
[0.142s] -- Added test 'copyright' to check source files copyright and LICENSE
[0.142s] -- Added test 'cppcheck' to perform static code analysis on C / C++ code
[0.142s] -- Configured cppcheck include dirs: 
[0.142s] -- Configured cppcheck exclude dirs and/or files: 
[0.142s] -- Added test 'cpplint' to check C / C++ code against the Google style
[0.142s] -- Configured cpplint exclude dirs and/or files: 
[0.143s] -- Added test 'lint_cmake' to check CMake code style
[0.143s] -- Added test 'uncrustify' to check C / C++ code style
[0.143s] -- Configured uncrustify additional arguments: 
[0.143s] -- Added test 'xmllint' to check XML markup files
[0.144s] -- Configuring done
[0.146s] -- Generating done
[0.146s] -- Build files have been written to: /home/robot/nav2_ws/build/h1_sport
[0.155s] [35m[1mScanning dependencies of target demo[0m
[0.161s] [ 50%] [32mBuilding CXX object CMakeFiles/demo.dir/src/demo.cpp.o[0m
[0.649s] [01m[K/home/robot/nav2_ws/src/h1_sport/src/demo.cpp:13:27:[m[K [01;31m[Kerror: [m[Kconflicting declaration â€˜[01m[Kchar** argc[m[Kâ€™
[0.649s]    13 | int main(int argc, [01;31m[Kchar** argc[m[K) {
[0.649s]       |                    [01;31m[K~~~~~~~^~~~[m[K
[0.649s] [01m[K/home/robot/nav2_ws/src/h1_sport/src/demo.cpp:13:14:[m[K [01;36m[Knote: [m[Kprevious declaration as â€˜[01m[Kint argc[m[Kâ€™
[0.649s]    13 | int main([01;36m[Kint argc[m[K, char** argc) {
[0.649s]       |          [01;36m[K~~~~^~~~[m[K
[0.649s] [01m[K/home/robot/nav2_ws/src/h1_sport/src/demo.cpp:13:5:[m[K [01;35m[Kwarning: [m[Kâ€˜[01m[Kint main(int)[m[Kâ€™ takes only zero or two arguments [[01;35m[K-Wmain[m[K]
[0.649s]    13 | int [01;35m[Kmain[m[K(int argc, char** argc) {
[0.649s]       |     [01;35m[K^~~~[m[K
[0.746s] make[2]: *** [CMakeFiles/demo.dir/build.make:63ï¼šCMakeFiles/demo.dir/src/demo.cpp.o] é”™è¯¯ 1
[0.746s] make[1]: *** [CMakeFiles/Makefile2:78ï¼šCMakeFiles/demo.dir/all] é”™è¯¯ 2
[0.746s] make: *** [Makefile:141ï¼šall] é”™è¯¯ 2
[0.748s] Invoked command in '/home/robot/nav2_ws/build/h1_sport' returned '2': CMAKE_PREFIX_PATH=/opt/ros/foxy /usr/bin/cmake --build /home/robot/nav2_ws/build/h1_sport -- -j32 -l32
