[0.004s] Invoking command in '/home/robot/nav2_ws/build/sdk2_user': CMAKE_PREFIX_PATH=/home/robot/nav2_ws/install/unitree_sdk2 LD_LIBRARY_PATH=/home/robot/nav2_ws/install/unitree_sdk2/lib:/usr/lib/x86_64-linux-gnu/gazebo-11/plugins:/opt/ros/foxy/opt/yaml_cpp_vendor/lib:/opt/ros/foxy/opt/rviz_ogre_vendor/lib:/opt/ros/foxy/lib/x86_64-linux-gnu:/opt/ros/foxy/lib:/usr/local/cuda-11.6/lib64:/usr/local/cuda-11.6/lib64 /usr/bin/cmake --build /home/robot/nav2_ws/build/sdk2_user -- -j32 -l32
[0.019s] [35m[1mScanning dependencies of target client[0m
[0.023s] [ 25%] [32mBuilding CXX object CMakeFiles/client.dir/src/client.cpp.o[0m
[0.026s] [ 75%] Built target demo
[0.105s] [01m[K/home/robot/nav2_ws/src/sdk2_user_cmake_example/src/client.cpp:[m[K In function â€˜[01m[Kint main(int, char**)[m[Kâ€™:
[0.105s] [01m[K/home/robot/nav2_ws/src/sdk2_user_cmake_example/src/client.cpp:20:57:[m[K [01;31m[Kerror: [m[Kâ€˜[01m[Kstd_msgs__msg__String_desc[m[Kâ€™ was not declared in this scope; did you mean â€˜[01m[Kstd_msgs__msg__String[m[Kâ€™?
[0.105s]    20 |     dds_entity_t topic = dds_create_topic(participant, &[01;31m[Kstd_msgs__msg__String_desc[m[K, "/sport_cmd", NULL, NULL);
[0.105s]       |                                                         [01;31m[K^~~~~~~~~~~~~~~~~~~~~~~~~~[m[K
[0.105s]       |                                                         [32m[Kstd_msgs__msg__String[m[K
[0.105s] [01m[K/home/robot/nav2_ws/src/sdk2_user_cmake_example/src/client.cpp:38:39:[m[K [01;31m[Kerror: [m[Kcannot convert â€˜[01m[Kstd_msgs__msg__String*[m[Kâ€™ to â€˜[01m[Kvoid**[m[Kâ€™
[0.105s]    38 |         int result = dds_take(reader, [01;31m[K&msg[m[K, &info, 1, 1);
[0.105s]       |                                       [01;31m[K^~~~[m[K
[0.105s]       |                                       [01;31m[K|[m[K
[0.106s]       |                                       [01;31m[Kstd_msgs__msg__String*[m[K
[0.106s] In file included from [01m[K/home/robot/nav2_ws/src/sdk2_user_cmake_example/src/client.cpp:2[m[K:
[0.106s] [01m[K/home/robot/nav2_ws/install/unitree_sdk2/include/dds/dds.h:3529:10:[m[K [01;36m[Knote: [m[K  initializing argument 2 of â€˜[01m[Kdds_return_t dds_take(dds_entity_t, void**, dds_sample_info_t*, size_t, uint32_t)[m[Kâ€™
[0.106s]  3529 |   [01;36m[Kvoid **buf[m[K,
[0.106s]       |   [01;36m[K~~~~~~~^~~[m[K
[0.117s] make[2]: *** [CMakeFiles/client.dir/build.make:63ï¼šCMakeFiles/client.dir/src/client.cpp.o] é”™è¯¯ 1
[0.117s] make[1]: *** [CMakeFiles/Makefile2:78ï¼šCMakeFiles/client.dir/all] é”™è¯¯ 2
[0.117s] make: *** [Makefile:84ï¼šall] é”™è¯¯ 2
[0.118s] Invoked command in '/home/robot/nav2_ws/build/sdk2_user' returned '2': CMAKE_PREFIX_PATH=/home/robot/nav2_ws/install/unitree_sdk2 LD_LIBRARY_PATH=/home/robot/nav2_ws/install/unitree_sdk2/lib:/usr/lib/x86_64-linux-gnu/gazebo-11/plugins:/opt/ros/foxy/opt/yaml_cpp_vendor/lib:/opt/ros/foxy/opt/rviz_ogre_vendor/lib:/opt/ros/foxy/lib/x86_64-linux-gnu:/opt/ros/foxy/lib:/usr/local/cuda-11.6/lib64:/usr/local/cuda-11.6/lib64 /usr/bin/cmake --build /home/robot/nav2_ws/build/sdk2_user -- -j32 -l32
