[0.871s] Invoking command in '/home/robot/nav2_ws/build/village_wang': CMAKE_PREFIX_PATH=${CMAKE_PREFIX_PATH}:/home/robot/nav2_ws/install/examples_rclpy_minimal_subscriber:/home/robot/nav2_ws/install/examples_rclpy_minimal_service:/home/robot/nav2_ws/install/examples_rclpy_minimal_publisher:/home/robot/nav2_ws/install/examples_rclpy_minimal_client:/home/robot/nav2_ws/install/examples_rclpy_minimal_action_server:/home/robot/nav2_ws/install/examples_rclpy_minimal_action_client:/home/robot/nav2_ws/install/examples_rclpy_executors:/opt/ros/foxy /usr/bin/cmake --build /home/robot/nav2_ws/build/village_wang -- -j32 -l32
[0.883s] -- Found ament_cmake: 0.9.12 (/opt/ros/foxy/share/ament_cmake/cmake)
[0.893s] -- Using PYTHON_EXECUTABLE: /usr/bin/python3
[0.982s] -- Found rclcpp: 2.4.3 (/opt/ros/foxy/share/rclcpp/cmake)
[1.009s] -- Using all available rosidl_typesupport_c: rosidl_typesupport_fastrtps_c;rosidl_typesupport_introspection_c
[1.011s] -- Found rosidl_adapter: 1.3.1 (/opt/ros/foxy/share/rosidl_adapter/cmake)
[1.106s] -- Using all available rosidl_typesupport_cpp: rosidl_typesupport_fastrtps_cpp;rosidl_typesupport_introspection_cpp
[1.138s] -- Found rmw_implementation_cmake: 1.0.4 (/opt/ros/foxy/share/rmw_implementation_cmake/cmake)
[1.139s] -- Using RMW implementation 'rmw_fastrtps_cpp' as default
[1.202s] -- Found ament_lint_auto: 0.9.8 (/opt/ros/foxy/share/ament_lint_auto/cmake)
[1.231s] -- Added test 'copyright' to check source files copyright and LICENSE
[1.231s] -- Added test 'cppcheck' to perform static code analysis on C / C++ code
[1.232s] -- Configured cppcheck include dirs: 
[1.232s] -- Configured cppcheck exclude dirs and/or files: 
[1.233s] -- Added test 'cpplint' to check C / C++ code against the Google style
[1.233s] -- Configured cpplint exclude dirs and/or files: 
[1.233s] -- Added test 'lint_cmake' to check CMake code style
[1.233s] -- Added test 'uncrustify' to check C / C++ code style
[1.233s] -- Configured uncrustify additional arguments: 
[1.233s] -- Added test 'xmllint' to check XML markup files
[1.234s] -- Configuring done
[1.238s] -- Generating done
[1.239s] -- Build files have been written to: /home/robot/nav2_ws/build/village_wang
[1.249s] [35m[1mScanning dependencies of target wang3_node[0m
[1.258s] [ 50%] Built target wang2_node
[1.262s] [ 75%] [32mBuilding CXX object CMakeFiles/wang3_node.dir/src/wang3.cpp.o[0m
[1.712s] [01m[K/home/robot/nav2_ws/src/village_wang/src/wang3.cpp:10:2:[m[K [01;31m[Kerror: [m[Kexpected â€˜[01m[K;[m[Kâ€™ after class definition
[1.712s]    10 | }
[1.712s]       |  [01;31m[K^[m[K
[1.712s]       |  [32m[K;[m[K
[1.712s] In file included from [01m[K/opt/ros/foxy/include/rclcpp/service.hpp:34[m[K,
[1.712s]                  from [01m[K/opt/ros/foxy/include/rclcpp/callback_group.hpp:25[m[K,
[1.713s]                  from [01m[K/opt/ros/foxy/include/rclcpp/any_executable.hpp:20[m[K,
[1.713s]                  from [01m[K/opt/ros/foxy/include/rclcpp/memory_strategy.hpp:24[m[K,
[1.713s]                  from [01m[K/opt/ros/foxy/include/rclcpp/memory_strategies.hpp:18[m[K,
[1.713s]                  from [01m[K/opt/ros/foxy/include/rclcpp/executor_options.hpp:20[m[K,
[1.713s]                  from [01m[K/opt/ros/foxy/include/rclcpp/executor.hpp:33[m[K,
[1.713s]                  from [01m[K/opt/ros/foxy/include/rclcpp/executors/multi_threaded_executor.hpp:26[m[K,
[1.713s]                  from [01m[K/opt/ros/foxy/include/rclcpp/executors.hpp:21[m[K,
[1.713s]                  from [01m[K/opt/ros/foxy/include/rclcpp/rclcpp.hpp:146[m[K,
[1.713s]                  from [01m[K/home/robot/nav2_ws/src/village_wang/src/wang3.cpp:1[m[K:
[1.713s] [01m[K/home/robot/nav2_ws/src/village_wang/src/wang3.cpp:[m[K In constructor â€˜[01m[KSingleDogNode::SingleDogNode(std::string)[m[Kâ€™:
[1.713s] [01m[K/home/robot/nav2_ws/src/village_wang/src/wang3.cpp:6:27:[m[K [01;31m[Kerror: [m[Kâ€˜[01m[Kclass SingleDogNode[m[Kâ€™ has no member named â€˜[01m[Kget_looger[m[Kâ€™; did you mean â€˜[01m[Kget_logger[m[Kâ€™?
[1.713s]     6 |         RCLCPP_INFO(this->[01;31m[Kget_looger[m[K(), "hi.");
[1.713s]       |                           [01;31m[K^~~~~~~~~~[m[K
[1.713s] [01m[K/home/robot/nav2_ws/src/village_wang/src/wang3.cpp:6:27:[m[K [01;31m[Kerror: [m[Kâ€˜[01m[Kclass SingleDogNode[m[Kâ€™ has no member named â€˜[01m[Kget_looger[m[Kâ€™; did you mean â€˜[01m[Kget_logger[m[Kâ€™?
[1.713s] [01m[K/home/robot/nav2_ws/src/village_wang/src/wang3.cpp:6:9:[m[K [01;31m[Kerror: [m[Ktemplate argument 1 is invalid
[1.713s]     6 |         [01;31m[KRCLCPP_INFO[m[K(this->get_looger(), "hi.");
[1.713s]       |         [01;31m[K^~~~~~~~~~~[m[K
[1.713s] [01m[K/home/robot/nav2_ws/src/village_wang/src/wang3.cpp:6:9:[m[K [01;31m[Kerror: [m[Ktemplate argument 1 is invalid
[1.713s]     6 |         [01;31m[KRCLCPP_INFO[m[K(this->get_looger(), "hi.");
[1.713s]       |         [01;31m[K^~~~~~~~~~~[m[K
[1.713s] [01m[K/home/robot/nav2_ws/src/village_wang/src/wang3.cpp:6:9:[m[K [01;31m[Kerror: [m[Ktemplate argument 1 is invalid
[1.713s]     6 |         [01;31m[KRCLCPP_INFO[m[K(this->get_looger(), "hi.");
[1.714s]       |         [01;31m[K^~~~~~~~~~~[m[K
[1.714s] In file included from [01m[K/opt/ros/foxy/include/rclcpp/client.hpp:40[m[K,
[1.714s]                  from [01m[K/opt/ros/foxy/include/rclcpp/callback_group.hpp:23[m[K,
[1.714s]                  from [01m[K/opt/ros/foxy/include/rclcpp/any_executable.hpp:20[m[K,
[1.714s]                  from [01m[K/opt/ros/foxy/include/rclcpp/memory_strategy.hpp:24[m[K,
[1.714s]                  from [01m[K/opt/ros/foxy/include/rclcpp/memory_strategies.hpp:18[m[K,
[1.714s]                  from [01m[K/opt/ros/foxy/include/rclcpp/executor_options.hpp:20[m[K,
[1.714s]                  from [01m[K/opt/ros/foxy/include/rclcpp/executor.hpp:33[m[K,
[1.714s]                  from [01m[K/opt/ros/foxy/include/rclcpp/executors/multi_threaded_executor.hpp:26[m[K,
[1.714s]                  from [01m[K/opt/ros/foxy/include/rclcpp/executors.hpp:21[m[K,
[1.714s]                  from [01m[K/opt/ros/foxy/include/rclcpp/rclcpp.hpp:146[m[K,
[1.714s]                  from [01m[K/home/robot/nav2_ws/src/village_wang/src/wang3.cpp:1[m[K:
[1.714s] [01m[K/home/robot/nav2_ws/src/village_wang/src/wang3.cpp:6:27:[m[K [01;31m[Kerror: [m[Kâ€˜[01m[Kclass SingleDogNode[m[Kâ€™ has no member named â€˜[01m[Kget_looger[m[Kâ€™; did you mean â€˜[01m[Kget_logger[m[Kâ€™?
[1.714s]     6 |         RCLCPP_INFO(this->[01;31m[Kget_looger[m[K(), "hi.");
[1.714s]       |                           [01;31m[K^~~~~~~~~~[m[K
[1.714s] [01m[K/home/robot/nav2_ws/src/village_wang/src/wang3.cpp:6:27:[m[K [01;31m[Kerror: [m[Kâ€˜[01m[Kclass SingleDogNode[m[Kâ€™ has no member named â€˜[01m[Kget_looger[m[Kâ€™; did you mean â€˜[01m[Kget_logger[m[Kâ€™?
[1.714s]     6 |         RCLCPP_INFO(this->[01;31m[Kget_looger[m[K(), "hi.");
[1.714s]       |                           [01;31m[K^~~~~~~~~~[m[K
[1.714s] [01m[K/home/robot/nav2_ws/src/village_wang/src/wang3.cpp:[m[K In function â€˜[01m[Kint main(int, char**)[m[Kâ€™:
[1.715s] [01m[K/home/robot/nav2_ws/src/village_wang/src/wang3.cpp:15:18:[m[K [01;31m[Kerror: [m[Kâ€˜[01m[Knode[m[Kâ€™ was not declared in this scope; did you mean â€˜[01m[KNode[m[Kâ€™?
[1.715s]    15 |     rclcpp::spin([01;31m[Knode[m[K);
[1.715s]       |                  [01;31m[K^~~~[m[K
[1.715s]       |                  [32m[KNode[m[K
[1.841s] make[2]: *** [CMakeFiles/wang3_node.dir/build.make:63ï¼šCMakeFiles/wang3_node.dir/src/wang3.cpp.o] é”™è¯¯ 1
[1.841s] make[1]: *** [CMakeFiles/Makefile2:80ï¼šCMakeFiles/wang3_node.dir/all] é”™è¯¯ 2
[1.841s] make: *** [Makefile:141ï¼šall] é”™è¯¯ 2
[1.843s] Invoked command in '/home/robot/nav2_ws/build/village_wang' returned '2': CMAKE_PREFIX_PATH=${CMAKE_PREFIX_PATH}:/home/robot/nav2_ws/install/examples_rclpy_minimal_subscriber:/home/robot/nav2_ws/install/examples_rclpy_minimal_service:/home/robot/nav2_ws/install/examples_rclpy_minimal_publisher:/home/robot/nav2_ws/install/examples_rclpy_minimal_client:/home/robot/nav2_ws/install/examples_rclpy_minimal_action_server:/home/robot/nav2_ws/install/examples_rclpy_minimal_action_client:/home/robot/nav2_ws/install/examples_rclpy_executors:/opt/ros/foxy /usr/bin/cmake --build /home/robot/nav2_ws/build/village_wang -- -j32 -l32
